2016-06-29 19:10:15,686 [Thread-15:5596] [blog.views:227] [views:do_reg] [ERROR]- (1062, "Duplicate entry 'jie' for key 'username'")
2016-06-29 19:10:28,571 [Thread-16:5252] [blog.views:227] [views:do_reg] [ERROR]- (1062, "Duplicate entry 'jie' for key 'username'")
2016-06-29 22:59:51,043 [Thread-8:2124] [blog.views:191] [views:comment_post] [ERROR]- invalid literal for int() with base 10: '<built-in function id>'
2016-06-29 23:00:14,561 [Thread-10:5816] [blog.views:191] [views:comment_post] [ERROR]- invalid literal for int() with base 10: '<built-in function id>'
2016-06-29 23:01:44,335 [Thread-14:2148] [blog.views:191] [views:comment_post] [ERROR]- invalid literal for int() with base 10: '<built-in function id>'
2016-06-29 23:02:42,554 [Thread-16:4828] [blog.views:191] [views:comment_post] [ERROR]- invalid literal for int() with base 10: '<built-in function id>'
2016-06-29 23:16:05,765 [Thread-8:3956] [blog.views:191] [views:comment_post] [ERROR]- invalid literal for int() with base 10: '<built-in function id>'
2016-06-29 23:16:35,165 [Thread-17:5472] [blog.views:191] [views:comment_post] [ERROR]- invalid literal for int() with base 10: '<built-in function id>'
2016-06-29 23:18:48,488 [Thread-4:3724] [blog.views:191] [views:comment_post] [ERROR]- invalid literal for int() with base 10: '<built-in function id>'
2016-06-29 23:23:32,602 [Thread-14:3400] [blog.views:191] [views:comment_post] [ERROR]- invalid literal for int() with base 10: '<built-in function id>'
2016-06-29 23:26:08,692 [Thread-13:4860] [blog.views:191] [views:comment_post] [ERROR]- invalid literal for int() with base 10: '<built-in function id>'
2016-06-29 23:28:51,962 [Thread-13:4588] [blog.views:191] [views:comment_post] [ERROR]- invalid literal for int() with base 10: '<built-in function id>'
2016-06-29 23:31:32,748 [Thread-13:4948] [blog.views:191] [views:comment_post] [ERROR]- invalid literal for int() with base 10: '<built-in function id>'
2016-06-29 23:36:22,988 [Thread-16:4144] [blog.views:191] [views:comment_post] [ERROR]- invalid literal for int() with base 10: '<built-in function id>'
2016-06-29 23:47:35,555 [Thread-14:2696] [blog.views:191] [views:comment_post] [ERROR]- invalid literal for int() with base 10: '<built-in function id>'
2016-06-30 09:49:40,863 [Thread-14:4528] [blog.views:191] [views:comment_post] [ERROR]- invalid literal for int() with base 10: '<built-in function id>'
2016-06-30 09:55:43,920 [Thread-18:388] [blog.views:191] [views:comment_post] [ERROR]- invalid literal for int() with base 10: '<built-in function id>'
2016-06-30 10:16:06,920 [Thread-8:2628] [blog.views:191] [views:comment_post] [ERROR]- invalid literal for int() with base 10: '<built-in function id>'
2016-06-30 10:25:27,181 [Thread-2:4764] [blog.views:191] [views:comment_post] [ERROR]- invalid literal for int() with base 10: '<built-in function id>'
2016-06-30 11:10:58,800 [Thread-89:5564] [blog.views:191] [views:comment_post] [ERROR]- invalid literal for int() with base 10: '<built-in function id>'
2016-06-30 11:13:09,768 [Thread-6:5020] [blog.views:191] [views:comment_post] [ERROR]- invalid literal for int() with base 10: '<built-in function id>'
2016-06-30 11:15:27,506 [Thread-24:5728] [blog.views:191] [views:comment_post] [ERROR]- invalid literal for int() with base 10: '<built-in function id>'
2016-06-30 11:28:48,223 [Thread-8:4156] [blog.views:192] [views:comment_post] [ERROR]- invalid literal for int() with base 10: '<built-in function id>'
2016-06-30 11:32:41,474 [Thread-13:3804] [blog.views:192] [views:comment_post] [ERROR]- invalid literal for int() with base 10: '<built-in function id>'
2016-06-30 11:35:01,651 [Thread-4:1644] [blog.views:191] [views:comment_post] [ERROR]- invalid literal for int() with base 10: '<built-in function id>'
2016-06-30 11:54:02,382 [Thread-17:5188] [blog.views:191] [views:comment_post] [ERROR]- invalid literal for int() with base 10: '<built-in function id>'
2016-06-30 11:54:57,918 [Thread-30:844] [blog.views:191] [views:comment_post] [ERROR]- invalid literal for int() with base 10: '<built-in function id>'
2016-07-01 09:18:25,185 [Thread-5:4396] [blog.views:191] [views:comment_post] [ERROR]- invalid literal for int() with base 10: '<built-in function id>'
2016-07-01 09:20:38,801 [Thread-7:4744] [blog.views:191] [views:comment_post] [ERROR]- invalid literal for int() with base 10: '<built-in function id>'
2016-07-01 09:59:24,342 [Thread-14:4048] [blog.views:191] [views:comment_post] [ERROR]- invalid literal for int() with base 10: '<built-in function id>'
2016-07-01 10:07:00,291 [Thread-4:4736] [blog.views:191] [views:comment_post] [ERROR]- invalid literal for int() with base 10: '<built-in function id>'
2016-07-01 10:07:59,979 [Thread-10:4668] [blog.views:191] [views:comment_post] [ERROR]- invalid literal for int() with base 10: '<built-in function id>'
2016-07-01 10:10:20,543 [Thread-31:3908] [blog.views:191] [views:comment_post] [ERROR]- invalid literal for int() with base 10: '<built-in function id>'
2016-07-01 10:13:47,886 [Thread-4:4936] [blog.views:189] [views:comment_post] [ERROR]- invalid literal for int() with base 10: '<built-in function id>'
2016-07-01 10:15:08,740 [Thread-5:4576] [blog.views:188] [views:comment_post] [ERROR]- invalid literal for int() with base 10: '<built-in function id>'
2016-07-01 10:19:46,325 [Thread-4:3056] [blog.views:191] [views:comment_post] [ERROR]- invalid literal for int() with base 10: '<built-in function id>'
2016-07-01 10:20:16,633 [Thread-27:4280] [blog.views:191] [views:comment_post] [ERROR]- invalid literal for int() with base 10: '<built-in function id>'
2016-07-01 10:20:56,672 [Thread-42:4280] [blog.views:191] [views:comment_post] [ERROR]- invalid literal for int() with base 10: '<built-in function id>'
2016-07-01 13:43:02,442 [Thread-8:5520] [blog.views:193] [views:comment_post] [ERROR]- invalid literal for int() with base 10: '<built-in function id>'
2016-07-01 13:53:59,679 [Thread-8:4632] [blog.views:193] [views:comment_post] [ERROR]- invalid literal for int() with base 10: '<built-in function id>'
2016-07-01 13:54:40,377 [Thread-2:4588] [blog.views:193] [views:comment_post] [ERROR]- invalid literal for int() with base 10: '<built-in function id>'
2016-07-01 14:48:12,487 [Thread-8:1140] [blog.views:196] [views:comment_post] [ERROR]- invalid literal for int() with base 10: '<built-in function id>'
2016-07-01 14:48:42,513 [Thread-8:5680] [blog.views:196] [views:comment_post] [ERROR]- invalid literal for int() with base 10: '<built-in function id>'
2016-07-01 14:48:58,147 [Thread-10:5904] [blog.views:196] [views:comment_post] [ERROR]- invalid literal for int() with base 10: '<built-in function id>'
2016-07-01 14:49:37,495 [Thread-8:5016] [blog.views:196] [views:comment_post] [ERROR]- invalid literal for int() with base 10: '<built-in function id>'
2016-07-01 14:50:57,476 [Thread-6:6068] [blog.views:196] [views:comment_post] [ERROR]- invalid literal for int() with base 10: '<built-in function id>'
2016-07-01 14:52:14,854 [Thread-8:5520] [blog.views:196] [views:comment_post] [ERROR]- invalid literal for int() with base 10: '<built-in function id>'
2016-07-01 14:53:15,726 [Thread-8:3160] [blog.views:196] [views:comment_post] [ERROR]- invalid literal for int() with base 10: '<built-in function id>'
2016-07-01 14:53:38,913 [Thread-10:5784] [blog.views:196] [views:comment_post] [ERROR]- invalid literal for int() with base 10: '<built-in function id>'
2016-07-01 15:05:20,119 [Thread-6:6092] [blog.views:194] [views:comment_post] [ERROR]- invalid literal for int() with base 10: '<built-in function id>'
2016-07-01 15:06:13,096 [Thread-8:4976] [blog.views:196] [views:comment_post] [ERROR]- Cannot assign "'<built-in function id>'": "Comment.article" must be a "Article" instance.
2016-07-01 15:10:56,551 [Thread-8:4492] [blog.views:197] [views:comment_post] [ERROR]- 'CommentForm' object has no attribute 'cleaned_data'
2016-07-01 15:11:15,010 [Thread-10:5784] [blog.views:197] [views:comment_post] [ERROR]- 'CommentForm' object has no attribute 'cleaned_data'
2016-07-01 15:13:42,167 [Thread-7:4472] [blog.views:197] [views:comment_post] [ERROR]- 'CommentForm' object has no attribute 'cleaned_data'
2016-07-01 15:19:43,299 [Thread-19:1724] [blog.views:197] [views:comment_post] [ERROR]- invalid literal for int() with base 10: '<built-in function id>'
2016-07-01 15:20:47,178 [Thread-22:4132] [blog.views:197] [views:comment_post] [ERROR]- invalid literal for int() with base 10: '<built-in function id>'
2016-07-01 15:29:27,058 [Thread-14:4588] [blog.views:197] [views:comment_post] [ERROR]- invalid literal for int() with base 10: '<built-in function id>'
2016-07-01 15:43:30,995 [Thread-16:5448] [blog.views:197] [views:comment_post] [ERROR]- invalid literal for int() with base 10: '<built-in function id>'
2016-07-01 15:49:46,704 [Thread-14:5612] [blog.views:197] [views:comment_post] [ERROR]- invalid literal for int() with base 10: '<built-in function id>'
2016-07-01 16:28:11,595 [Thread-6:5348] [blog.views:203] [views:comment_post] [ERROR]- invalid literal for int() with base 10: '<built-in function id>'
2016-07-01 16:33:38,231 [Thread-8:4976] [blog.views:203] [views:comment_post] [ERROR]- invalid literal for int() with base 10: '<built-in function id>'
2016-07-01 16:37:03,319 [Thread-2:5768] [blog.views:203] [views:comment_post] [ERROR]- invalid literal for int() with base 10: '<built-in function id>'
2016-07-01 17:05:20,409 [Thread-18:6076] [blog.views:202] [views:comment_post] [ERROR]- invalid literal for int() with base 10: '<built-in function id>'
2016-07-01 19:59:04,544 [Thread-30:7116] [blog.views:202] [views:comment_post] [ERROR]- invalid literal for int() with base 10: '<built-in function id>'
2016-07-01 20:37:22,055 [Thread-8:4880] [blog.views:203] [views:comment_post] [ERROR]- 'CommentForm' object has no attribute 'save'
2016-07-01 21:09:51,232 [Thread-4:4328] [blog.views:201] [views:comment_post] [ERROR]- invalid literal for int() with base 10: '<built-in function id>'
2016-07-01 21:12:05,545 [Thread-7:4588] [blog.views:219] [views:comment_post] [ERROR]- invalid literal for int() with base 10: '<built-in function id>'
2016-07-01 21:15:49,680 [Thread-14:4932] [blog.views:219] [views:comment_post] [ERROR]- invalid literal for int() with base 10: '<built-in function id>'
2016-07-01 21:16:39,312 [Thread-17:4900] [blog.views:219] [views:comment_post] [ERROR]- invalid literal for int() with base 10: '<built-in function id>'
2016-07-01 21:18:28,157 [Thread-20:6428] [blog.views:219] [views:comment_post] [ERROR]- invalid literal for int() with base 10: '<built-in function id>'
2016-07-01 21:19:46,402 [Thread-2:4072] [blog.views:201] [views:comment_post] [ERROR]- invalid literal for int() with base 10: '<built-in function id>'
2016-07-01 21:20:43,371 [Thread-2:4952] [blog.views:201] [views:comment_post] [ERROR]- invalid literal for int() with base 10: '<built-in function id>'
2016-07-01 21:22:33,929 [Thread-8:5844] [blog.views:201] [views:comment_post] [ERROR]- invalid literal for int() with base 10: '<built-in function id>'
2016-07-01 21:23:04,653 [Thread-15:4864] [blog.views:201] [views:comment_post] [ERROR]- invalid literal for int() with base 10: '<built-in function id>'
2016-07-01 21:23:33,651 [Thread-18:6168] [blog.views:201] [views:comment_post] [ERROR]- invalid literal for int() with base 10: '<built-in function id>'
2016-07-01 21:23:33,730 [Thread-19:5208] [blog.views:201] [views:comment_post] [ERROR]- invalid literal for int() with base 10: '<built-in function id>'
2016-07-01 21:23:34,113 [Thread-21:5684] [blog.views:201] [views:comment_post] [ERROR]- invalid literal for int() with base 10: '<built-in function id>'
2016-07-01 21:25:38,629 [Thread-8:5668] [blog.views:201] [views:comment_post] [ERROR]- invalid literal for int() with base 10: '<built-in function id>'
2016-07-01 21:27:03,013 [Thread-11:6196] [blog.views:201] [views:comment_post] [ERROR]- invalid literal for int() with base 10: '<built-in function id>'
2016-07-01 21:29:27,294 [Thread-14:4780] [blog.views:201] [views:comment_post] [ERROR]- invalid literal for int() with base 10: '<built-in function id>'
2016-07-01 21:31:22,864 [Thread-10:6540] [blog.views:201] [views:comment_post] [ERROR]- invalid literal for int() with base 10: '<built-in function id>'
2016-07-01 21:31:42,812 [Thread-9:4396] [blog.views:201] [views:comment_post] [ERROR]- invalid literal for int() with base 10: '<built-in function id>'
2016-07-01 21:52:00,488 [Thread-40:3092] [blog.views:201] [views:comment_post] [ERROR]- invalid literal for int() with base 10: '<built-in function id>'
2016-07-01 21:56:53,037 [Thread-74:5032] [blog.views:201] [views:comment_post] [ERROR]- invalid literal for int() with base 10: '<built-in function id>'
2016-07-01 22:03:25,440 [Thread-9:5448] [blog.views:201] [views:comment_post] [ERROR]- invalid literal for int() with base 10: '<built-in function id>'
2016-07-01 22:57:23,253 [Thread-6:5280] [blog.views:202] [views:comment_post] [ERROR]- invalid literal for int() with base 10: '<built-in function id>'
2016-07-01 22:57:27,956 [Thread-8:4144] [blog.views:202] [views:comment_post] [ERROR]- invalid literal for int() with base 10: '<built-in function id>'
2016-07-01 22:57:37,371 [Thread-10:5392] [blog.views:202] [views:comment_post] [ERROR]- invalid literal for int() with base 10: '<built-in function id>'
2016-07-01 23:21:52,071 [Thread-4:5556] [blog.views:203] [views:comment_post] [ERROR]- invalid literal for int() with base 10: '<built-in function id>'
2016-07-01 23:22:04,770 [Thread-13:5228] [blog.views:203] [views:comment_post] [ERROR]- invalid literal for int() with base 10: '<built-in function id>'
2016-07-01 23:22:44,307 [Thread-24:3592] [blog.views:203] [views:comment_post] [ERROR]- invalid literal for int() with base 10: '<built-in function id>'
2016-07-02 09:12:09,666 [Thread-4:944] [blog.views:201] [views:comment_post] [ERROR]- invalid literal for int() with base 10: '<built-in function id>'
2016-07-02 09:12:21,361 [Thread-6:3828] [blog.views:201] [views:comment_post] [ERROR]- invalid literal for int() with base 10: '<built-in function id>'
2016-07-02 09:12:31,640 [Thread-9:2264] [blog.views:201] [views:comment_post] [ERROR]- invalid literal for int() with base 10: '<built-in function id>'
2016-07-02 09:21:47,341 [Thread-5:3116] [blog.views:202] [views:comment_post] [ERROR]- invalid literal for int() with base 10: '<built-in function id>'
2016-07-02 09:36:14,199 [Thread-12:4272] [blog.views:203] [views:comment_post] [ERROR]- invalid literal for int() with base 10: '<built-in function id>'
2016-07-02 09:39:08,628 [Thread-15:4260] [blog.views:203] [views:comment_post] [ERROR]- invalid literal for int() with base 10: '<built-in function id>'
2016-07-02 09:42:33,373 [Thread-13:2144] [blog.views:203] [views:comment_post] [ERROR]- invalid literal for int() with base 10: 'jie'
2016-07-02 09:51:31,163 [Thread-16:4396] [blog.views:203] [views:comment_post] [ERROR]- invalid literal for int() with base 10: 'jie'
2016-07-02 11:21:06,698 [Thread-9:2344] [blog.views:200] [views:comment_post] [ERROR]- invalid literal for int() with base 10: '<built-in function id>'
2016-07-02 11:23:57,917 [Thread-13:2556] [blog.views:200] [views:comment_post] [ERROR]- invalid literal for int() with base 10: '<built-in function id>'
2016-07-02 11:25:02,509 [Thread-9:5168] [blog.views:200] [views:comment_post] [ERROR]- invalid literal for int() with base 10: '<built-in function id>'
2016-07-02 11:36:20,740 [Thread-9:1004] [blog.views:201] [views:comment_post] [ERROR]- invalid literal for int() with base 10: '<built-in function id>'
2016-07-02 11:40:39,914 [Thread-9:4432] [blog.views:201] [views:comment_post] [ERROR]- invalid literal for int() with base 10: '<built-in function id>'
2016-07-02 11:41:49,914 [Thread-9:2116] [blog.views:201] [views:comment_post] [ERROR]- create() takes 1 positional argument but 2 were given
2016-07-02 14:22:30,770 [Thread-20:5044] [blog.views:202] [views:comment_post] [ERROR]- invalid literal for int() with base 10: '<built-in function id>'
2016-07-02 14:23:42,531 [Thread-8:5924] [blog.views:202] [views:comment_post] [ERROR]- invalid literal for int() with base 10: '<built-in function id>'
2016-07-02 14:29:45,647 [Thread-14:500] [blog.views:202] [views:comment_post] [ERROR]- invalid literal for int() with base 10: '<built-in function id>'
2016-07-02 14:30:38,940 [Thread-7:992] [blog.views:202] [views:comment_post] [ERROR]- invalid literal for int() with base 10: '<built-in function id>'
2016-07-09 12:00:22,586 [Thread-21:3748] [blog.views:153] [views:search] [ERROR]- name 'search_result' is not defined
2016-07-09 12:00:24,236 [Thread-22:1372] [blog.views:153] [views:search] [ERROR]- name 'search_result' is not defined
2016-07-09 12:00:24,518 [Thread-23:2348] [blog.views:153] [views:search] [ERROR]- name 'search_result' is not defined
2016-07-09 12:00:24,715 [Thread-24:4104] [blog.views:153] [views:search] [ERROR]- name 'search_result' is not defined
2016-07-09 12:00:24,896 [Thread-25:4400] [blog.views:153] [views:search] [ERROR]- name 'search_result' is not defined
2016-07-09 12:00:25,109 [Thread-26:4100] [blog.views:153] [views:search] [ERROR]- name 'search_result' is not defined
2016-07-09 12:00:31,260 [Thread-27:4356] [blog.views:153] [views:search] [ERROR]- name 'search_result' is not defined
2016-07-09 12:00:35,466 [Thread-28:1452] [blog.views:153] [views:search] [ERROR]- name 'search_result' is not defined
2016-07-09 12:04:45,553 [Thread-42:4480] [blog.views:153] [views:search] [ERROR]- name 'search_result' is not defined
2016-07-09 12:20:50,789 [Thread-35:2484] [blog.views:153] [views:search] [ERROR]- Cannot use None as a query value
2016-07-09 12:21:32,033 [Thread-20:4504] [blog.views:153] [views:search] [ERROR]- name 'search_result' is not defined
2016-07-09 12:22:51,434 [Thread-22:3116] [blog.views:153] [views:search] [ERROR]- name 'search_result' is not defined
2016-07-09 12:23:32,008 [Thread-7:4356] [blog.views:153] [views:search] [ERROR]- name 'search_result' is not defined
2016-07-09 18:08:40,030 [Thread-20:1040] [blog.views:153] [views:search] [ERROR]- Reverse for 'search' with arguments '({'article_list': <Page 1 of 2>, 'search_list': [<Article: python django css>, <Article: js>, <Article: html css>]},)' and keyword arguments '{}' not found. 0 pattern(s) tried: []
2016-07-09 19:14:04,858 [Thread-22:5368] [blog.views:153] [views:search] [ERROR]- Reverse for 'search' with arguments '({'article_list': <Page 1 of 1>, 'search_list': [<Article: js>, <Article: html css>]},)' and keyword arguments '{}' not found. 0 pattern(s) tried: []
2016-07-09 19:14:45,029 [Thread-24:5492] [blog.views:153] [views:search] [ERROR]- Reverse for 'search' with arguments '({'article_list': <Page 1 of 1>, 'search_list': [<Article: js>, <Article: html css>]},)' and keyword arguments '{}' not found. 0 pattern(s) tried: []
